<?xml version="1.0" encoding="UTF-8"?>
<!-- Generated by org.testng.reporters.JUnitReportReporter -->
<testsuite hostname="DESKTOP-ACURQ7O" name="checkSearch.checkSearch" tests="16" failures="0" timestamp="15 Nov 2017 16:01:21 GMT" time="70.829" errors="0">
  <testcase name="checkResultList" time="7.143" classname="checkSearch.checkSearch"/>
  <testcase name="checkResultPage" time="1.946" classname="checkSearch.checkSearch"/>
  <testcase name="checkH1AndTitle" time="0.073" classname="checkSearch.checkSearch"/>
  <testcase name="checkResultList" time="1.523" classname="checkSearch.checkSearch"/>
  <testcase name="checkSearchWithTwoKeysInDifferentOrders" time="2.973" classname="checkSearch.checkSearch"/>
  <testcase name="checkH1AndTitle" time="0.068" classname="checkSearch.checkSearch"/>
  <testcase name="checkH1AndTitle" time="0.068" classname="checkSearch.checkSearch"/>
  <testcase name="checkSearchWithTwoKeysInDifferentOrders" time="0.002" classname="checkSearch.checkSearch"/>
  <testcase name="checkResultList" time="6.764" classname="checkSearch.checkSearch"/>
  <testcase name="checkResultList" time="1.603" classname="checkSearch.checkSearch"/>
  <testcase name="checkResultPage" time="2.786" classname="checkSearch.checkSearch"/>
  <testcase name="checkSearchWithTwoKeysInDifferentOrders" time="0.002" classname="checkSearch.checkSearch"/>
  <testcase name="checkSearchWithTwoKeysInDifferentOrders" time="40.329" classname="checkSearch.checkSearch"/>
  <testcase name="checkResultPage" time="3.354" classname="checkSearch.checkSearch"/>
  <testcase name="checkH1AndTitle" time="0.082" classname="checkSearch.checkSearch"/>
  <testcase name="checkResultPage" time="2.113" classname="checkSearch.checkSearch"/>
</testsuite> <!-- checkSearch.checkSearch -->
