<?xml version="1.0" encoding="UTF-8"?>
<!-- Generated by org.testng.reporters.JUnitReportReporter -->
<testsuite skipped="0" hostname="DESKTOP-ACURQ7O" name="checkLinks" tests="2" failures="0" timestamp="19 авг 2017 06:57:56 GMT" time="19.736" errors="0">
  <testcase name="linksTestRu" time="9.173" classname="checkLinks"/>
  <testcase name="linksTestUa" time="10.563" classname="checkLinks"/>
</testsuite> <!-- checkLinks -->
