<?xml version="1.0" encoding="UTF-8"?>
<!-- Generated by org.testng.reporters.JUnitReportReporter -->
<testsuite skipped="1" hostname="DESKTOP-ACURQ7O" name="checkMetalwarehouses" tests="25" failures="0" timestamp="17 авг 2017 14:57:19 GMT" time="135.656" errors="0">
  <testcase name="checkMetalwarehousesChernovtsyRegion" time="8.592" classname="checkMetalwarehouses"/>
  <testcase name="checkMetalwarehousesVinnitsaRegion" time="4.900" classname="checkMetalwarehouses"/>
  <testcase name="checkMetalwarehousesVolinskRegion" time="4.229" classname="checkMetalwarehouses"/>
  <testcase name="checkMetalwarehousesDneprRegion" time="8.437" classname="checkMetalwarehouses"/>
  <testcase name="checkMetalwarehousesDonetskRegion" time="5.327" classname="checkMetalwarehouses"/>
  <testcase name="checkMetalwarehousesZhitomirRegion" time="4.406" classname="checkMetalwarehouses"/>
  <testcase name="checkMetalwarehousesZakarpatieRegion" time="5.207" classname="checkMetalwarehouses"/>
  <testcase name="checkMetalwarehousesZaporozheRegion" time="4.597" classname="checkMetalwarehouses"/>
  <testcase name="checkMetalwarehousesIvanoFrankovskRegion" time="4.191" classname="checkMetalwarehouses"/>
  <testcase name="checkMetalwarehousesKievRegion" time="10.245" classname="checkMetalwarehouses"/>
  <testcase name="checkMetalwarehousesKirovogradRegion" time="4.723" classname="checkMetalwarehouses"/>
  <testcase name="checkMetalwarehousesLuganskRegion" time="4.338" classname="checkMetalwarehouses"/>
  <testcase name="checkMetalwarehousesLvovRegion" time="7.300" classname="checkMetalwarehouses"/>
  <testcase name="checkMetalwarehousesNikolaevRegion" time="5.203" classname="checkMetalwarehouses"/>
  <testcase name="checkMetalwarehousesOdessaRegion" time="5.210" classname="checkMetalwarehouses"/>
  <testcase name="checkMetalwarehousesPoltavaRegion" time="4.801" classname="checkMetalwarehouses"/>
  <testcase name="checkMetalwarehousesRovnoRegion" time="5.407" classname="checkMetalwarehouses"/>
  <testcase name="checkMetalwarehousesSumyRegion" time="5.840" classname="checkMetalwarehouses"/>
  <testcase name="checkMetalwarehousesTernopolRegion" time="4.602" classname="checkMetalwarehouses"/>
  <testcase name="checkMetalwarehousesKharkovRegion" time="7.489" classname="checkMetalwarehouses"/>
  <testcase name="checkMetalwarehousesKhersonRegion" time="5.649" classname="checkMetalwarehouses"/>
  <testcase name="checkMetalwarehousesKhmelnitskRegion" time="5.015" classname="checkMetalwarehouses"/>
  <testcase name="checkMetalwarehousesCherkassyRegion" time="4.752" classname="checkMetalwarehouses"/>
  <testcase name="checkMetalwarehousesChernigovRegion" time="5.196" classname="checkMetalwarehouses"/>
  <testcase name="checkMetalwarehousesKrym" classname="checkMetalwarehouses">
    <skipped/>
  </testcase> <!-- checkMetalwarehousesKrym -->
</testsuite> <!-- checkMetalwarehouses -->
